2023.12.13 23:51:55 INFO  ce[][o.s.p.ProcessEntryPoint] Starting Compute Engine
2023.12.13 23:51:55 INFO  ce[][o.s.ce.app.CeServer] Compute Engine starting up...
2023.12.13 23:51:56 INFO  ce[][o.sonar.db.Database] Create JDBC data source for jdbc:h2:tcp://127.0.0.1:9092/sonar;NON_KEYWORDS=VALUE
2023.12.13 23:51:56 INFO  ce[][c.z.h.HikariDataSource] HikariPool-1 - Starting...
2023.12.13 23:51:56 INFO  ce[][c.z.h.p.HikariPool] HikariPool-1 - Added connection conn0: url=jdbc:h2:tcp://127.0.0.1:9092/sonar user=
2023.12.13 23:51:56 INFO  ce[][c.z.h.HikariDataSource] HikariPool-1 - Start completed.
2023.12.13 23:51:56 WARN  ce[][o.s.db.dialect.H2] H2 database should be used for evaluation purpose only.
2023.12.13 23:51:57 INFO  ce[][o.s.s.p.ServerFileSystemImpl] SonarQube home: /opt/sonarqube
2023.12.13 23:51:58 INFO  ce[][o.s.c.c.CePluginRepository] Load plugins
2023.12.13 23:51:59 INFO  ce[][o.s.c.c.ComputeEngineContainerImpl] Running Community edition
2023.12.13 23:51:59 INFO  ce[][o.s.ce.app.CeServer] Compute Engine is started
2023.12.13 23:52:10 INFO  ce[][o.s.p.ProcessEntryPoint] Gracefully stopping process
2023.12.13 23:52:10 INFO  ce[][o.s.ce.app.CeServer] Compute Engine is stopping...
2023.12.13 23:52:10 INFO  ce[][o.s.c.t.CeProcessingSchedulerImpl] Gracefully stopping workers...
2023.12.13 23:52:10 INFO  ce[][c.z.h.HikariDataSource] HikariPool-1 - Shutdown initiated...
2023.12.13 23:52:10 INFO  ce[][c.z.h.HikariDataSource] HikariPool-1 - Shutdown completed.
2023.12.13 23:52:10 INFO  ce[][o.s.ce.app.CeServer] Compute Engine is stopped
2023.12.13 23:57:43 INFO  ce[][o.s.p.ProcessEntryPoint] Starting Compute Engine
2023.12.13 23:57:43 INFO  ce[][o.s.ce.app.CeServer] Compute Engine starting up...
2023.12.13 23:57:43 INFO  ce[][o.sonar.db.Database] Create JDBC data source for jdbc:h2:tcp://127.0.0.1:9092/sonar;NON_KEYWORDS=VALUE
2023.12.13 23:57:43 INFO  ce[][c.z.h.HikariDataSource] HikariPool-1 - Starting...
2023.12.13 23:57:43 INFO  ce[][c.z.h.p.HikariPool] HikariPool-1 - Added connection conn0: url=jdbc:h2:tcp://127.0.0.1:9092/sonar user=
2023.12.13 23:57:43 INFO  ce[][c.z.h.HikariDataSource] HikariPool-1 - Start completed.
2023.12.13 23:57:43 WARN  ce[][o.s.db.dialect.H2] H2 database should be used for evaluation purpose only.
2023.12.13 23:57:44 INFO  ce[][o.s.s.p.ServerFileSystemImpl] SonarQube home: /opt/sonarqube
2023.12.13 23:57:44 INFO  ce[][o.s.c.c.CePluginRepository] Load plugins
2023.12.13 23:57:45 INFO  ce[][o.s.c.c.ComputeEngineContainerImpl] Running Community edition
2023.12.13 23:57:45 INFO  ce[][o.s.ce.app.CeServer] Compute Engine is started
